
Circuit 1 cell sky130_fd_pr__pfet_01v8_hvt and Circuit 2 cell sky130_fd_pr__pfet_01v8_hvt are black boxes.
Warning: Equate pins:  cell sky130_fd_pr__pfet_01v8_hvt is a placeholder, treated as a black box.
Warning: Equate pins:  cell sky130_fd_pr__pfet_01v8_hvt is a placeholder, treated as a black box.

Subcircuit pins:
Circuit 1: sky130_fd_pr__pfet_01v8_hvt     |Circuit 2: sky130_fd_pr__pfet_01v8_hvt     
-------------------------------------------|-------------------------------------------
1                                          |1                                          
2                                          |2                                          
3                                          |3                                          
4                                          |4                                          
---------------------------------------------------------------------------------------
Cell pin lists are equivalent.
Device classes sky130_fd_pr__pfet_01v8_hvt and sky130_fd_pr__pfet_01v8_hvt are equivalent.

Circuit 1 cell sky130_fd_pr__nfet_01v8 and Circuit 2 cell sky130_fd_pr__nfet_01v8 are black boxes.
Warning: Equate pins:  cell sky130_fd_pr__nfet_01v8 is a placeholder, treated as a black box.
Warning: Equate pins:  cell sky130_fd_pr__nfet_01v8 is a placeholder, treated as a black box.

Subcircuit pins:
Circuit 1: sky130_fd_pr__nfet_01v8         |Circuit 2: sky130_fd_pr__nfet_01v8         
-------------------------------------------|-------------------------------------------
1                                          |1                                          
2                                          |2                                          
3                                          |3                                          
4                                          |4                                          
---------------------------------------------------------------------------------------
Cell pin lists are equivalent.
Device classes sky130_fd_pr__nfet_01v8 and sky130_fd_pr__nfet_01v8 are equivalent.

Subcircuit summary:
Circuit 1: sky130_fd_sc_hd__and2_1         |Circuit 2: sky130_fd_sc_hd__and2_1         
-------------------------------------------|-------------------------------------------
sky130_fd_pr__pfet_01v8_hvt (3)            |sky130_fd_pr__pfet_01v8_hvt (3)            
sky130_fd_pr__nfet_01v8 (3)                |sky130_fd_pr__nfet_01v8 (3)                
Number of devices: 6                       |Number of devices: 6                       
Number of nets: 9                          |Number of nets: 9                          
---------------------------------------------------------------------------------------
NET mismatches: Class fragments follow (with fanout counts):
Circuit 1: sky130_fd_sc_hd__and2_1         |Circuit 2: sky130_fd_sc_hd__and2_1         

---------------------------------------------------------------------------------------
Net: a_59_75#                              |Net: a_59_75#                              
  sky130_fd_pr__pfet_01v8_hvt/3 = 1        |  sky130_fd_pr__pfet_01v8_hvt/3 = 1        
  sky130_fd_pr__pfet_01v8_hvt/2 = 1        |  sky130_fd_pr__pfet_01v8_hvt/2 = 1        
  sky130_fd_pr__pfet_01v8_hvt/1 = 1        |  sky130_fd_pr__pfet_01v8_hvt/1 = 1        
  sky130_fd_pr__nfet_01v8/2 = 1            |  sky130_fd_pr__nfet_01v8/2 = 1            
  sky130_fd_pr__nfet_01v8/3 = 1            |  sky130_fd_pr__nfet_01v8/1 = 1            
---------------------------------------------------------------------------------------

---------------------------------------------------------------------------------------
Net: B                                     |Net: B                                     
  sky130_fd_pr__pfet_01v8_hvt/2 = 1        |  sky130_fd_pr__pfet_01v8_hvt/2 = 1        
  sky130_fd_pr__nfet_01v8/2 = 1            |  sky130_fd_pr__nfet_01v8/2 = 1            
                                           |                                           
Net: a_145_75#                             |Net: a_145_75#                             
  sky130_fd_pr__nfet_01v8/3 = 1            |  sky130_fd_pr__nfet_01v8/3 = 1            
  sky130_fd_pr__nfet_01v8/1 = 1            |  sky130_fd_pr__nfet_01v8/1 = 1            
                                           |                                           
Net: A                                     |Net: A                                     
  sky130_fd_pr__pfet_01v8_hvt/2 = 1        |  sky130_fd_pr__pfet_01v8_hvt/2 = 1        
  sky130_fd_pr__nfet_01v8/2 = 1            |  sky130_fd_pr__nfet_01v8/2 = 1            
                                           |                                           
Net: X                                     |Net: X                                     
  sky130_fd_pr__pfet_01v8_hvt/1 = 1        |  sky130_fd_pr__nfet_01v8/3 = 1            
  sky130_fd_pr__nfet_01v8/1 = 1            |  sky130_fd_pr__pfet_01v8_hvt/3 = 1        
                                           |                                           
Net: VGND                                  |Net: VGND                                  
  sky130_fd_pr__nfet_01v8/1 = 1            |  sky130_fd_pr__nfet_01v8/1 = 1            
  sky130_fd_pr__nfet_01v8/3 = 1            |  sky130_fd_pr__nfet_01v8/3 = 1            
---------------------------------------------------------------------------------------

---------------------------------------------------------------------------------------
Net: VPB                                   |Net: VPB                                   
  sky130_fd_pr__pfet_01v8_hvt/4 = 3        |  sky130_fd_pr__pfet_01v8_hvt/4 = 3        
                                           |                                           
Net: VPWR                                  |Net: VPWR                                  
  sky130_fd_pr__pfet_01v8_hvt/1 = 1        |  sky130_fd_pr__pfet_01v8_hvt/1 = 2        
  sky130_fd_pr__pfet_01v8_hvt/3 = 2        |  sky130_fd_pr__pfet_01v8_hvt/3 = 1        
                                           |                                           
Net: VNB                                   |Net: VNB                                   
  sky130_fd_pr__nfet_01v8/4 = 3            |  sky130_fd_pr__nfet_01v8/4 = 3            
---------------------------------------------------------------------------------------
DEVICE mismatches: Class fragments follow (with node fanout counts):
Circuit 1: sky130_fd_sc_hd__and2_1         |Circuit 2: sky130_fd_sc_hd__and2_1         

---------------------------------------------------------------------------------------
Instance: sky130_fd_pr__nfet_01v8:5        |Instance: sky130_fd_pr__nfet_01v8:2        
  1 = 2                                    |  1 = 5                                    
  2 = 2                                    |  2 = 2                                    
  3 = 5                                    |  3 = 2                                    
  4 = 3                                    |  4 = 3                                    
---------------------------------------------------------------------------------------

---------------------------------------------------------------------------------------
Instance: sky130_fd_pr__pfet_01v8_hvt:1    |Instance: sky130_fd_pr__pfet_01v8_hvt:5    
  1 = 2                                    |  1 = 3                                    
  2 = 5                                    |  2 = 5                                    
  3 = 3                                    |  3 = 2                                    
  4 = 3                                    |  4 = 3                                    
---------------------------------------------------------------------------------------
Netlists do not match.

Subcircuit pins:
Circuit 1: sky130_fd_sc_hd__and2_1         |Circuit 2: sky130_fd_sc_hd__and2_1         
-------------------------------------------|-------------------------------------------
A                                          |B **Mismatch**                             
VGND                                       |A **Mismatch**                             
X                                          |X                                          
B                                          |VGND **Mismatch**                          
VNB                                        |VPB **Mismatch**                           
VPB                                        |VPWR **Mismatch**                          
VPWR                                       |VNB **Mismatch**                           
---------------------------------------------------------------------------------------
Cell pin lists for sky130_fd_sc_hd__and2_1 and sky130_fd_sc_hd__and2_1 altered to match.
Device classes sky130_fd_sc_hd__and2_1 and sky130_fd_sc_hd__and2_1 are equivalent.

Final result: Top level cell failed pin matching.
