
Circuit 1 cell sky130_fd_pr__pfet_01v8 and Circuit 2 cell sky130_fd_pr__pfet_01v8 are black boxes.
Warning: Equate pins:  cell sky130_fd_pr__pfet_01v8 is a placeholder, treated as a black box.
Warning: Equate pins:  cell sky130_fd_pr__pfet_01v8 is a placeholder, treated as a black box.

Subcircuit pins:
Circuit 1: sky130_fd_pr__pfet_01v8         |Circuit 2: sky130_fd_pr__pfet_01v8         
-------------------------------------------|-------------------------------------------
1                                          |1                                          
2                                          |2                                          
3                                          |3                                          
4                                          |4                                          
---------------------------------------------------------------------------------------
Cell pin lists are equivalent.
Device classes sky130_fd_pr__pfet_01v8 and sky130_fd_pr__pfet_01v8 are equivalent.

Circuit 1 cell sky130_fd_pr__nfet_01v8 and Circuit 2 cell sky130_fd_pr__nfet_01v8 are black boxes.
Warning: Equate pins:  cell sky130_fd_pr__nfet_01v8 is a placeholder, treated as a black box.
Warning: Equate pins:  cell sky130_fd_pr__nfet_01v8 is a placeholder, treated as a black box.

Subcircuit pins:
Circuit 1: sky130_fd_pr__nfet_01v8         |Circuit 2: sky130_fd_pr__nfet_01v8         
-------------------------------------------|-------------------------------------------
1                                          |1                                          
2                                          |2                                          
3                                          |3                                          
4                                          |4                                          
---------------------------------------------------------------------------------------
Cell pin lists are equivalent.
Device classes sky130_fd_pr__nfet_01v8 and sky130_fd_pr__nfet_01v8 are equivalent.

Class inverter (0):  Merged 2 parallel devices.
Subcircuit summary:
Circuit 1: inverter                        |Circuit 2: inverter                        
-------------------------------------------|-------------------------------------------
sky130_fd_pr__pfet_01v8 (3->2)             |sky130_fd_pr__pfet_01v8 (1) **Mismatch**   
sky130_fd_pr__nfet_01v8 (3->2)             |sky130_fd_pr__nfet_01v8 (1) **Mismatch**   
Number of devices: 4 **Mismatch**          |Number of devices: 2 **Mismatch**          
Number of nets: 6 **Mismatch**             |Number of nets: 4 **Mismatch**             
---------------------------------------------------------------------------------------
NET mismatches: Class fragments follow (with fanout counts):
Circuit 1: inverter                        |Circuit 2: inverter                        

---------------------------------------------------------------------------------------
Net: out                                   |(no matching net)                          
  sky130_fd_pr__pfet_01v8/3 = 1            |                                           
  sky130_fd_pr__pfet_01v8/1 = 1            |                                           
  sky130_fd_pr__nfet_01v8/3 = 1            |                                           
  sky130_fd_pr__nfet_01v8/1 = 1            |                                           
                                           |                                           
Net: in                                    |(no matching net)                          
  sky130_fd_pr__pfet_01v8/2 = 2            |                                           
  sky130_fd_pr__nfet_01v8/2 = 2            |                                           
---------------------------------------------------------------------------------------

---------------------------------------------------------------------------------------
Net: vdd                                   |Net: vdd                                   
  sky130_fd_pr__pfet_01v8/1 = 1            |  sky130_fd_pr__pfet_01v8/4 = 1            
  sky130_fd_pr__pfet_01v8/3 = 1            |  sky130_fd_pr__pfet_01v8/3 = 1            
                                           |                                           
Net: vss                                   |Net: vss                                   
  sky130_fd_pr__nfet_01v8/1 = 1            |  sky130_fd_pr__nfet_01v8/4 = 1            
  sky130_fd_pr__nfet_01v8/3 = 1            |  sky130_fd_pr__nfet_01v8/3 = 1            
                                           |                                           
Net: XM2/w_n311_n319#                      |Net: in                                    
  sky130_fd_pr__pfet_01v8/4 = 2            |  sky130_fd_pr__nfet_01v8/2 = 1            
                                           |  sky130_fd_pr__pfet_01v8/2 = 1            
                                           |                                           
Net: VSUBS                                 |Net: out                                   
  sky130_fd_pr__nfet_01v8/4 = 2            |  sky130_fd_pr__nfet_01v8/1 = 1            
                                           |  sky130_fd_pr__pfet_01v8/1 = 1            
---------------------------------------------------------------------------------------
DEVICE mismatches: Class fragments follow (with node fanout counts):
Circuit 1: inverter                        |Circuit 2: inverter                        

---------------------------------------------------------------------------------------
Instance: sky130_fd_pr__pfet_01v8:0        |Instance: sky130_fd_pr__pfet_01v8:M2       
  1 = 2                                    |  1 = 2                                    
  2 = 4                                    |  2 = 2                                    
  3 = 4                                    |  3 = 2                                    
  4 = 2                                    |  4 = 2                                    
                                           |                                           
Instance: sky130_fd_pr__pfet_01v8:1        |Instance: sky130_fd_pr__nfet_01v8:M1       
  1 = 4                                    |  1 = 2                                    
  2 = 4                                    |  2 = 2                                    
  3 = 2                                    |  3 = 2                                    
  4 = 2                                    |  4 = 2                                    
                                           |                                           
Instance: sky130_fd_pr__nfet_01v8:3        |(no matching instance)                     
  1 = 2                                    |                                           
  2 = 4                                    |                                           
  3 = 4                                    |                                           
  4 = 2                                    |                                           
                                           |                                           
Instance: sky130_fd_pr__nfet_01v8:5        |(no matching instance)                     
  1 = 4                                    |                                           
  2 = 4                                    |                                           
  3 = 2                                    |                                           
  4 = 2                                    |                                           
---------------------------------------------------------------------------------------
Netlists do not match.

Subcircuit pins:
Circuit 1: inverter                        |Circuit 2: inverter                        
-------------------------------------------|-------------------------------------------
Cell pin lists are equivalent.
Device classes inverter and inverter are equivalent.

Final result: Netlists do not match.
